<?xml version="1.0" encoding="UTF-8"?>
<testng-results ignored="0" total="3" passed="2" failed="1" skipped="0">
  <reporter-output>
    <line>
      <![CDATA[First Name field is filled]]>
    </line>
    <line>
      <![CDATA[Last name field is filled]]>
    </line>
    <line>
      <![CDATA[Gender field is selected]]>
    </line>
    <line>
      <![CDATA[Street Address field is filled]]>
    </line>
    <line>
      <![CDATA[City field is filled]]>
    </line>
    <line>
      <![CDATA[Zip Code field is filled]]>
    </line>
    <line>
      <![CDATA[State field is filled]]>
    </line>
    <line>
      <![CDATA[Country is selected]]>
    </line>
    <line>
      <![CDATA[Verification Number field is filled]]>
    </line>
    <line>
      <![CDATA[Submit Button is clicked]]>
    </line>
  </reporter-output>
  <suite started-at="2023-07-28T03:26:28 IST" name="Suite" finished-at="2023-07-28T03:26:35 IST" duration-ms="7398">
    <groups>
      <group name="smoke">
        <method signature="GenerateExtentReport.enterNameAndGender()[pri:1, instance:com.assignment2.GenerateExtentReport@69e153c5]" name="enterNameAndGender" class="com.assignment2.GenerateExtentReport"/>
        <method signature="GenerateExtentReport.enterAddress()[pri:2, instance:com.assignment2.GenerateExtentReport@69e153c5]" name="enterAddress" class="com.assignment2.GenerateExtentReport"/>
        <method signature="GenerateExtentReport.submitForm()[pri:6, instance:com.assignment2.GenerateExtentReport@69e153c5]" name="submitForm" class="com.assignment2.GenerateExtentReport"/>
      </group> <!-- smoke -->
      <group name="sanity">
        <method signature="GenerateExtentReport.enterNameAndGender()[pri:1, instance:com.assignment2.GenerateExtentReport@69e153c5]" name="enterNameAndGender" class="com.assignment2.GenerateExtentReport"/>
        <method signature="GenerateExtentReport.enterAddress()[pri:2, instance:com.assignment2.GenerateExtentReport@69e153c5]" name="enterAddress" class="com.assignment2.GenerateExtentReport"/>
      </group> <!-- sanity -->
    </groups>
    <test started-at="2023-07-28T03:26:28 IST" name="Test" finished-at="2023-07-28T03:26:35 IST" duration-ms="7398">
      <class name="com.assignment2.GenerateExtentReport">
        <test-method is-config="true" signature="launchApplication()[pri:0, instance:com.assignment2.GenerateExtentReport@69e153c5]" started-at="2023-07-28T03:26:28 IST" name="launchApplication" finished-at="2023-07-28T03:26:33 IST" duration-ms="5479" status="PASS">
          <reporter-output>
          </reporter-output>
        </test-method> <!-- launchApplication -->
        <test-method signature="enterNameAndGender()[pri:1, instance:com.assignment2.GenerateExtentReport@69e153c5]" started-at="2023-07-28T03:26:33 IST" name="enterNameAndGender" finished-at="2023-07-28T03:26:34 IST" duration-ms="270" status="FAIL">
          <exception class="java.lang.AssertionError">
            <message>
              <![CDATA[Test case intentionally failed to display screenshot]]>
            </message>
            <full-stacktrace>
              <![CDATA[java.lang.AssertionError: Test case intentionally failed to display screenshot
at org.testng.Assert.fail(Assert.java:111)
at com.assignment2.GenerateExtentReport.enterNameAndGender(GenerateExtentReport.java:106)
at java.base/jdk.internal.reflect.NativeMethodAccessorImpl.invoke0(Native Method)
at java.base/jdk.internal.reflect.NativeMethodAccessorImpl.invoke(NativeMethodAccessorImpl.java:77)
at java.base/jdk.internal.reflect.DelegatingMethodAccessorImpl.invoke(DelegatingMethodAccessorImpl.java:43)
at java.base/java.lang.reflect.Method.invoke(Method.java:568)
at org.testng.internal.invokers.MethodInvocationHelper.invokeMethod(MethodInvocationHelper.java:139)
at org.testng.internal.invokers.TestInvoker.invokeMethod(TestInvoker.java:664)
at org.testng.internal.invokers.TestInvoker.invokeTestMethod(TestInvoker.java:227)
at org.testng.internal.invokers.MethodRunner.runInSequence(MethodRunner.java:50)
at org.testng.internal.invokers.TestInvoker$MethodInvocationAgent.invoke(TestInvoker.java:957)
at org.testng.internal.invokers.TestInvoker.invokeTestMethods(TestInvoker.java:200)
at org.testng.internal.invokers.TestMethodWorker.invokeTestMethods(TestMethodWorker.java:148)
at org.testng.internal.invokers.TestMethodWorker.run(TestMethodWorker.java:128)
at java.base/java.util.ArrayList.forEach(ArrayList.java:1511)
at org.testng.TestRunner.privateRun(TestRunner.java:848)
at org.testng.TestRunner.run(TestRunner.java:621)
at org.testng.SuiteRunner.runTest(SuiteRunner.java:443)
at org.testng.SuiteRunner.runSequentially(SuiteRunner.java:437)
at org.testng.SuiteRunner.privateRun(SuiteRunner.java:397)
at org.testng.SuiteRunner.run(SuiteRunner.java:336)
at org.testng.SuiteRunnerWorker.runSuite(SuiteRunnerWorker.java:52)
at org.testng.SuiteRunnerWorker.run(SuiteRunnerWorker.java:95)
at org.testng.TestNG.runSuitesSequentially(TestNG.java:1280)
at org.testng.TestNG.runSuitesLocally(TestNG.java:1200)
at org.testng.TestNG.runSuites(TestNG.java:1114)
at org.testng.TestNG.run(TestNG.java:1082)
at org.testng.remote.AbstractRemoteTestNG.run(AbstractRemoteTestNG.java:115)
at org.testng.remote.RemoteTestNG.initAndRun(RemoteTestNG.java:251)
at org.testng.remote.RemoteTestNG.main(RemoteTestNG.java:77)
]]>
            </full-stacktrace>
          </exception> <!-- java.lang.AssertionError -->
          <reporter-output>
            <line>
              <![CDATA[First Name field is filled]]>
            </line>
            <line>
              <![CDATA[Last name field is filled]]>
            </line>
            <line>
              <![CDATA[Gender field is selected]]>
            </line>
          </reporter-output>
        </test-method> <!-- enterNameAndGender -->
        <test-method signature="enterAddress()[pri:2, instance:com.assignment2.GenerateExtentReport@69e153c5]" started-at="2023-07-28T03:26:34 IST" name="enterAddress" finished-at="2023-07-28T03:26:35 IST" duration-ms="911" status="PASS">
          <reporter-output>
            <line>
              <![CDATA[Street Address field is filled]]>
            </line>
            <line>
              <![CDATA[City field is filled]]>
            </line>
            <line>
              <![CDATA[Zip Code field is filled]]>
            </line>
            <line>
              <![CDATA[State field is filled]]>
            </line>
            <line>
              <![CDATA[Country is selected]]>
            </line>
          </reporter-output>
        </test-method> <!-- enterAddress -->
        <test-method signature="submitForm()[pri:6, instance:com.assignment2.GenerateExtentReport@69e153c5]" started-at="2023-07-28T03:26:35 IST" name="submitForm" finished-at="2023-07-28T03:26:35 IST" duration-ms="152" status="PASS">
          <reporter-output>
            <line>
              <![CDATA[Verification Number field is filled]]>
            </line>
            <line>
              <![CDATA[Submit Button is clicked]]>
            </line>
          </reporter-output>
        </test-method> <!-- submitForm -->
        <test-method is-config="true" signature="closeApplication()[pri:0, instance:com.assignment2.GenerateExtentReport@69e153c5]" started-at="2023-07-28T03:26:35 IST" name="closeApplication" finished-at="2023-07-28T03:26:35 IST" duration-ms="132" status="PASS">
          <reporter-output>
          </reporter-output>
        </test-method> <!-- closeApplication -->
      </class> <!-- com.assignment2.GenerateExtentReport -->
    </test> <!-- Test -->
  </suite> <!-- Suite -->
</testng-results>
